<?xml version="1.0" encoding="UTF-8"?>
<!-- Generated by org.testng.reporters.JUnitReportReporter -->
<testsuite skipped="0" hostname="Dell" name="test.sports" tests="1" failures="0" timestamp="21 Mar 2019 19:20:39 GMT" time="18.142" errors="0">
  <testcase name="data" time="18.142" classname="test.sports"/>
</testsuite> <!-- test.sports -->
